app/build/intermediates/manifest_merge_blame_file/debug/manifest-merger-blame-debug-report.txt
1<?xml version="1.0" encoding="utf-8"?>
2<manifest xmlns:android="http://schemas.android.com/apk/res/android"
3    package="com.example.initial"
4    android:versionCode="1"
5    android:versionName="1.0" >
6
7    <uses-sdk
8        android:minSdkVersion="24"
9        android:targetSdkVersion="33" />
10
11    <uses-permission android:name="android.permission.INTERNET" />
11-->[com.google.firebase:firebase-auth:22.1.1] AndroidManifest.xml:25:5-67
11-->[com.google.firebase:firebase-auth:22.1.1] AndroidManifest.xml:25:22-64
12    <uses-permission android:name="android.permission.ACCESS_NETWORK_STATE" />
12-->[com.google.firebase:firebase-auth:22.1.1] AndroidManifest.xml:26:5-79
12-->[com.google.firebase:firebase-auth:22.1.1] AndroidManifest.xml:26:22-76
13
14    <application
14-->src/main/AndroidManifest.xml:5:5-36:19
15        android:allowBackup="true"
15-->src/main/AndroidManifest.xml:6:9-35
16        android:appComponentFactory="androidx.core.app.CoreComponentFactory"
16-->[androidx.core:core:1.7.0] AndroidManifest.xml:24:18-86
17        android:dataExtractionRules="@xml/data_extraction_rules"
17-->src/main/AndroidManifest.xml:7:9-65
18        android:debuggable="true"
19        android:extractNativeLibs="false"
20        android:fullBackupContent="@xml/backup_rules"
20-->src/main/AndroidManifest.xml:8:9-54
21        android:icon="@mipmap/ic_launcher"
21-->src/main/AndroidManifest.xml:9:9-43
22        android:label="@string/app_name"
22-->src/main/AndroidManifest.xml:10:9-41
23        android:roundIcon="@mipmap/ic_launcher_round"
23-->src/main/AndroidManifest.xml:11:9-54
24        android:supportsRtl="true"
24-->src/main/AndroidManifest.xml:12:9-35
25        android:testOnly="true"
26        android:theme="@style/Theme.Initial" >
26-->src/main/AndroidManifest.xml:13:9-45
27        <activity
27-->src/main/AndroidManifest.xml:15:9-23:20
28            android:name="com.example.initial.LoginActivity"
28-->src/main/AndroidManifest.xml:16:13-42
29            android:exported="true" >
29-->src/main/AndroidManifest.xml:17:13-36
30            <intent-filter>
30-->src/main/AndroidManifest.xml:18:13-22:29
31                <action android:name="android.intent.action.MAIN" />
31-->src/main/AndroidManifest.xml:19:17-69
31-->src/main/AndroidManifest.xml:19:25-66
32
33                <category android:name="android.intent.category.LAUNCHER" />
33-->src/main/AndroidManifest.xml:21:17-77
33-->src/main/AndroidManifest.xml:21:27-74
34            </intent-filter>
35        </activity>
36        <activity
36-->src/main/AndroidManifest.xml:24:9-26:40
37            android:name="com.example.initial.RegisterActivity"
37-->src/main/AndroidManifest.xml:25:13-45
38            android:exported="false" />
38-->src/main/AndroidManifest.xml:26:13-37
39        <activity
39-->src/main/AndroidManifest.xml:27:9-29:40
40            android:name="com.example.initial.ProfileActivity"
40-->src/main/AndroidManifest.xml:28:13-44
41            android:exported="false" />
41-->src/main/AndroidManifest.xml:29:13-37
42        <activity
42-->src/main/AndroidManifest.xml:30:9-32:40
43            android:name="com.example.initial.WishlistActivity"
43-->src/main/AndroidManifest.xml:31:13-45
44            android:exported="false" />
44-->src/main/AndroidManifest.xml:32:13-37
45        <activity
45-->src/main/AndroidManifest.xml:33:9-35:40
46            android:name="com.example.initial.CartActivity"
46-->src/main/AndroidManifest.xml:34:13-41
47            android:exported="false" />
47-->src/main/AndroidManifest.xml:35:13-37
48        <activity
48-->[com.google.firebase:firebase-auth:22.1.1] AndroidManifest.xml:29:9-46:20
49            android:name="com.google.firebase.auth.internal.GenericIdpActivity"
49-->[com.google.firebase:firebase-auth:22.1.1] AndroidManifest.xml:30:13-80
50            android:excludeFromRecents="true"
50-->[com.google.firebase:firebase-auth:22.1.1] AndroidManifest.xml:31:13-46
51            android:exported="true"
51-->[com.google.firebase:firebase-auth:22.1.1] AndroidManifest.xml:32:13-36
52            android:launchMode="singleTask"
52-->[com.google.firebase:firebase-auth:22.1.1] AndroidManifest.xml:33:13-44
53            android:theme="@android:style/Theme.Translucent.NoTitleBar" >
53-->[com.google.firebase:firebase-auth:22.1.1] AndroidManifest.xml:34:13-72
54            <intent-filter>
54-->[com.google.firebase:firebase-auth:22.1.1] AndroidManifest.xml:35:13-45:29
55                <action android:name="android.intent.action.VIEW" />
55-->[com.google.firebase:firebase-auth:22.1.1] AndroidManifest.xml:36:17-69
55-->[com.google.firebase:firebase-auth:22.1.1] AndroidManifest.xml:36:25-66
56
57                <category android:name="android.intent.category.DEFAULT" />
57-->[com.google.firebase:firebase-auth:22.1.1] AndroidManifest.xml:38:17-76
57-->[com.google.firebase:firebase-auth:22.1.1] AndroidManifest.xml:38:27-73
58                <category android:name="android.intent.category.BROWSABLE" />
58-->[com.google.firebase:firebase-auth:22.1.1] AndroidManifest.xml:39:17-78
58-->[com.google.firebase:firebase-auth:22.1.1] AndroidManifest.xml:39:27-75
59
60                <data
60-->[com.google.firebase:firebase-auth:22.1.1] AndroidManifest.xml:41:17-44:51
61                    android:host="firebase.auth"
61-->[com.google.firebase:firebase-auth:22.1.1] AndroidManifest.xml:42:21-49
62                    android:path="/"
62-->[com.google.firebase:firebase-auth:22.1.1] AndroidManifest.xml:43:21-37
63                    android:scheme="genericidp" />
63-->[com.google.firebase:firebase-auth:22.1.1] AndroidManifest.xml:44:21-48
64            </intent-filter>
65        </activity>
66        <activity
66-->[com.google.firebase:firebase-auth:22.1.1] AndroidManifest.xml:47:9-64:20
67            android:name="com.google.firebase.auth.internal.RecaptchaActivity"
67-->[com.google.firebase:firebase-auth:22.1.1] AndroidManifest.xml:48:13-79
68            android:excludeFromRecents="true"
68-->[com.google.firebase:firebase-auth:22.1.1] AndroidManifest.xml:49:13-46
69            android:exported="true"
69-->[com.google.firebase:firebase-auth:22.1.1] AndroidManifest.xml:50:13-36
70            android:launchMode="singleTask"
70-->[com.google.firebase:firebase-auth:22.1.1] AndroidManifest.xml:51:13-44
71            android:theme="@android:style/Theme.Translucent.NoTitleBar" >
71-->[com.google.firebase:firebase-auth:22.1.1] AndroidManifest.xml:52:13-72
72            <intent-filter>
72-->[com.google.firebase:firebase-auth:22.1.1] AndroidManifest.xml:53:13-63:29
73                <action android:name="android.intent.action.VIEW" />
73-->[com.google.firebase:firebase-auth:22.1.1] AndroidManifest.xml:36:17-69
73-->[com.google.firebase:firebase-auth:22.1.1] AndroidManifest.xml:36:25-66
74
75                <category android:name="android.intent.category.DEFAULT" />
75-->[com.google.firebase:firebase-auth:22.1.1] AndroidManifest.xml:38:17-76
75-->[com.google.firebase:firebase-auth:22.1.1] AndroidManifest.xml:38:27-73
76                <category android:name="android.intent.category.BROWSABLE" />
76-->[com.google.firebase:firebase-auth:22.1.1] AndroidManifest.xml:39:17-78
76-->[com.google.firebase:firebase-auth:22.1.1] AndroidManifest.xml:39:27-75
77
78                <data
78-->[com.google.firebase:firebase-auth:22.1.1] AndroidManifest.xml:41:17-44:51
79                    android:host="firebase.auth"
79-->[com.google.firebase:firebase-auth:22.1.1] AndroidManifest.xml:42:21-49
80                    android:path="/"
80-->[com.google.firebase:firebase-auth:22.1.1] AndroidManifest.xml:43:21-37
81                    android:scheme="recaptcha" />
81-->[com.google.firebase:firebase-auth:22.1.1] AndroidManifest.xml:44:21-48
82            </intent-filter>
83        </activity>
84
85        <service
85-->[com.google.firebase:firebase-auth:22.1.1] AndroidManifest.xml:66:9-72:19
86            android:name="com.google.firebase.components.ComponentDiscoveryService"
86-->[com.google.firebase:firebase-auth:22.1.1] AndroidManifest.xml:67:13-84
87            android:directBootAware="true"
87-->[com.google.firebase:firebase-common:20.3.2] AndroidManifest.xml:34:13-43
88            android:exported="false" >
88-->[com.google.firebase:firebase-auth:22.1.1] AndroidManifest.xml:68:13-37
89            <meta-data
89-->[com.google.firebase:firebase-auth:22.1.1] AndroidManifest.xml:69:13-71:85
90                android:name="com.google.firebase.components:com.google.firebase.auth.FirebaseAuthRegistrar"
90-->[com.google.firebase:firebase-auth:22.1.1] AndroidManifest.xml:70:17-109
91                android:value="com.google.firebase.components.ComponentRegistrar" />
91-->[com.google.firebase:firebase-auth:22.1.1] AndroidManifest.xml:71:17-82
92        </service>
93
94        <provider
94-->[com.google.firebase:firebase-common:20.3.2] AndroidManifest.xml:25:9-30:39
95            android:name="com.google.firebase.provider.FirebaseInitProvider"
95-->[com.google.firebase:firebase-common:20.3.2] AndroidManifest.xml:26:13-77
96            android:authorities="com.example.initial.firebaseinitprovider"
96-->[com.google.firebase:firebase-common:20.3.2] AndroidManifest.xml:27:13-72
97            android:directBootAware="true"
97-->[com.google.firebase:firebase-common:20.3.2] AndroidManifest.xml:28:13-43
98            android:exported="false"
98-->[com.google.firebase:firebase-common:20.3.2] AndroidManifest.xml:29:13-37
99            android:initOrder="100" />
99-->[com.google.firebase:firebase-common:20.3.2] AndroidManifest.xml:30:13-36
100
101        <activity
101-->[com.google.android.gms:play-services-base:18.0.1] AndroidManifest.xml:20:9-22:45
102            android:name="com.google.android.gms.common.api.GoogleApiActivity"
102-->[com.google.android.gms:play-services-base:18.0.1] AndroidManifest.xml:20:19-85
103            android:exported="false"
103-->[com.google.android.gms:play-services-base:18.0.1] AndroidManifest.xml:22:19-43
104            android:theme="@android:style/Theme.Translucent.NoTitleBar" />
104-->[com.google.android.gms:play-services-base:18.0.1] AndroidManifest.xml:21:19-78
105
106        <meta-data
106-->[com.google.android.gms:play-services-basement:18.1.0] AndroidManifest.xml:21:9-23:69
107            android:name="com.google.android.gms.version"
107-->[com.google.android.gms:play-services-basement:18.1.0] AndroidManifest.xml:22:13-58
108            android:value="@integer/google_play_services_version" />
108-->[com.google.android.gms:play-services-basement:18.1.0] AndroidManifest.xml:23:13-66
109
110        <provider
110-->[androidx.emoji2:emoji2:1.0.0] AndroidManifest.xml:26:9-34:20
111            android:name="androidx.startup.InitializationProvider"
111-->[androidx.emoji2:emoji2:1.0.0] AndroidManifest.xml:27:13-67
112            android:authorities="com.example.initial.androidx-startup"
112-->[androidx.emoji2:emoji2:1.0.0] AndroidManifest.xml:28:13-68
113            android:exported="false" >
113-->[androidx.emoji2:emoji2:1.0.0] AndroidManifest.xml:29:13-37
114            <meta-data
114-->[androidx.emoji2:emoji2:1.0.0] AndroidManifest.xml:31:13-33:52
115                android:name="androidx.emoji2.text.EmojiCompatInitializer"
115-->[androidx.emoji2:emoji2:1.0.0] AndroidManifest.xml:32:17-75
116                android:value="androidx.startup" />
116-->[androidx.emoji2:emoji2:1.0.0] AndroidManifest.xml:33:17-49
117            <meta-data
117-->[androidx.lifecycle:lifecycle-process:2.4.0] AndroidManifest.xml:31:13-33:52
118                android:name="androidx.lifecycle.ProcessLifecycleInitializer"
118-->[androidx.lifecycle:lifecycle-process:2.4.0] AndroidManifest.xml:32:17-78
119                android:value="androidx.startup" />
119-->[androidx.lifecycle:lifecycle-process:2.4.0] AndroidManifest.xml:33:17-49
120        </provider>
121    </application>
122
123</manifest>